#
# There is insufficient memory for the Java Runtime Environment to continue.
# Native memory allocation (mmap) failed to map 266338304 bytes for G1 virtual space
# Possible reasons:
#   The system is out of physical RAM or swap space
#   The process is running with CompressedOops enabled, and the Java Heap may be blocking the growth of the native heap
# Possible solutions:
#   Reduce memory load on the system
#   Increase physical memory or swap space
#   Check if swap backing store is full
#   Decrease Java heap size (-Xmx/-Xms)
#   Decrease number of Java threads
#   Decrease Java thread stack sizes (-Xss)
#   Set larger code cache with -XX:ReservedCodeCacheSize=
#   JVM is running with Zero Based Compressed Oops mode in which the Java heap is
#     placed in the first 32GB address space. The Java Heap base address is the
#     maximum limit for the native heap growth. Please use -XX:HeapBaseMinAddress
#     to set the Java Heap base and to place the Java Heap above 32GB virtual address.
# This output file may be truncated or incomplete.
#
#  Out of Memory Error (os_windows.cpp:3825), pid=22848, tid=30388
#
# JRE version:  (17.0.9+7) (build )
# Java VM: OpenJDK 64-Bit Server VM (17.0.9+7-b1087.7, mixed mode, sharing, tiered, compressed oops, compressed class ptrs, g1 gc, windows-amd64)
# No core dump will be written. Minidumps are not enabled by default on client versions of Windows
#

---------------  S U M M A R Y ------------

Command Line: --add-exports=javafx.base/com.sun.javafx.event=org.controlsfx.controls --add-exports=javafx.base/com.sun.javafx.event=org.controlsfx.controls -Dfile.encoding=windows-1252 -Duser.country=US -Duser.language=en -Duser.variant --module-path=C:\Users\Caleb\IdeaProjects\ScoutingServer\build\libs\ScoutingServer-1.0-SNAPSHOT.jar;C:\Users\Caleb\IdeaProjects\ScoutingServer\build\classes\java\main;C:\Users\Caleb\.gradle\caches\modules-2\files-2.1\org.openjfx\javafx-fxml\17.0.6\5724aedc415683e62eeab3a3875550aa814c84fd\javafx-fxml-17.0.6-win.jar;C:\Users\Caleb\.gradle\caches\modules-2\files-2.1\org.openjfx\javafx-web\16\7a77639dd9dc493361acaca2810128292f96b3d2\javafx-web-16.jar;C:\Users\Caleb\.gradle\caches\modules-2\files-2.1\org.openjfx\javafx-controls\17.0.6\c95b460be3bc372060ff32d0c666c1233c3e8400\javafx-controls-17.0.6-win.jar;C:\Users\Caleb\.gradle\caches\modules-2\files-2.1\org.openjfx\javafx-controls\17.0.6\8a9b91d717ec8bcdb179b91ae8a4f1137756fe3a\javafx-controls-17.0.6.jar;C:\Users\Caleb\.gradle\caches\modules-2\files-2.1\org.openjfx\javafx-media\16\2c564c4d3859447d7ef4c7490e2a48afe7a5db7a\javafx-media-16.jar;C:\Users\Caleb\.gradle\caches\modules-2\files-2.1\org.openjfx\javafx-graphics\17.0.6\14326bf575b927d3c31a775f74bcf754ced35353\javafx-graphics-17.0.6-win.jar;C:\Users\Caleb\.gradle\caches\modules-2\files-2.1\org.openjfx\javafx-graphics\17.0.6\a71a20fc765c578c17e6bd6525c029b03286ff5e\javafx-graphics-17.0.6.jar;C:\Users\Caleb\.gradle\caches\modules-2\files-2.1\org.openjfx\javafx-base\17.0.6\78ccb38688b70acc6b59718daca8bdb91f99db57\javafx-base-17.0.6-win.jar;C:\Users\Caleb\.gradle\caches\modules-2\files-2.1\org.openjfx\javafx-base\17.0.6\808b77ecf79be87b304a78fa9fffad805bfdb9f5\javafx-base-17.0.6.jar;C:\Users\Caleb\.gradle\caches\modules-2\files-2.1\org.json\json\20231013\e22e0c040fe16f04ffdb85d851d77b07fc05ea52\json-20231013.jar;C:\Users\Caleb\.gradle\caches\modules-2\files-2.1\com.google.zxing\javase\3.5.2\b9b1eecd1032e57d086ae80019861f77e8b54752\javase-3.5.2.jar;C:\Users\Caleb\.gradle\caches\modules-2\files-2.1\com.google.zxing\core\3.5.2\baab0f4a47b2052c9393af6af7c47a9dd8d89297\core-3.5.2.jar;C:\Users\Caleb\.gradle\caches\modules-2\files-2.1\org.xerial\sqlite-jdbc\3.45.1.0\7cd66c279-Djdk.module.main=org.tahomarobotics.scouting.scoutingserver org.tahomarobotics.scouting.scoutingserver/org.tahomarobotics.scouting.scoutingserver.ScoutingServer -Xmx2048m

Host: 11th Gen Intel(R) Core(TM) i7-1165G7 @ 2.80GHz, 8 cores, 15G,  Windows 10 , 64 bit Build 19041 (10.0.19041.3636)
Time: Thu May  2 21:10:42 2024 Pacific Daylight Time elapsed time: 0.026509 seconds (0d 0h 0m 0s)

---------------  T H R E A D  ---------------

Current thread (0x000001fa9b50e7d0):  JavaThread "Unknown thread" [_thread_in_vm, id=30388, stack(0x00000012c0d00000,0x00000012c0e00000)]

Stack: [0x00000012c0d00000,0x00000012c0e00000]
Native frames: (J=compiled Java code, j=interpreted, Vv=VM code, C=native code)
V  [jvm.dll+0x6886e9]  os::platform_print_native_stack+0xd9  (os_windows_x86.cpp:235)
V  [jvm.dll+0x841e4a]  VMError::report+0xc6a  (vmError.cpp:855)
V  [jvm.dll+0x843a8e]  VMError::report_and_die+0x78e  (vmError.cpp:1749)
V  [jvm.dll+0x8440f3]  VMError::report_and_die+0x43  (vmError.cpp:1535)
V  [jvm.dll+0x24c14f]  report_vm_out_of_memory+0x8f  (debug.cpp:321)
V  [jvm.dll+0x685499]  os::pd_commit_memory_or_exit+0xc9  (os_windows.cpp:3833)
V  [jvm.dll+0x679c2a]  os::commit_memory_or_exit+0x2a  (os.cpp:1739)
V  [jvm.dll+0x30cf9b]  G1PageBasedVirtualSpace::commit+0x19b  (g1PageBasedVirtualSpace.cpp:204)
V  [jvm.dll+0x314446]  G1RegionsLargerThanCommitSizeMapper::commit_regions+0x96  (g1RegionToSpaceMapper.cpp:100)
V  [jvm.dll+0x36425e]  HeapRegionManager::expand_any+0xee  (heapRegionManager.cpp:363)
V  [jvm.dll+0x36448f]  HeapRegionManager::expand_by+0x7f  (heapRegionManager.cpp:380)
V  [jvm.dll+0x2e2d68]  G1CollectedHeap::expand+0xb8  (g1CollectedHeap.cpp:1298)
V  [jvm.dll+0x2e3cd4]  G1CollectedHeap::initialize+0x664  (g1CollectedHeap.cpp:1719)
V  [jvm.dll+0x8129f1]  universe_init+0xb1  (universe.cpp:736)
V  [jvm.dll+0x3720c1]  init_globals+0x31  (init.cpp:124)
V  [jvm.dll+0x7f152c]  Threads::create_vm+0x60c  (thread.cpp:2909)
V  [jvm.dll+0x3f5d4f]  JNI_CreateJavaVM_inner+0x8f  (jni.cpp:3635)
V  [jvm.dll+0x3f7981]  JNI_CreateJavaVM+0x11  (jni.cpp:3727)
C  [jli.dll+0x528f]  JavaMain+0x113  (java.c:413)
C  [ucrtbase.dll+0x21bb2]
C  [KERNEL32.DLL+0x17344]
C  [ntdll.dll+0x526b1]


---------------  P R O C E S S  ---------------

Threads class SMR info:
_java_thread_list=0x00007ff848c9ef18, length=0, elements={
}

Java Threads: ( => current thread )

Other Threads:
  0x000001fa9d6fca50 GCTaskThread "GC Thread#0" [stack: 0x00000012c0e00000,0x00000012c0f00000] [id=14660]
  0x000001fa9d70d5f0 ConcurrentGCThread "G1 Main Marker" [stack: 0x00000012c0f00000,0x00000012c1000000] [id=25360]
  0x000001fa9d70e7b0 ConcurrentGCThread "G1 Conc#0" [stack: 0x00000012c1000000,0x00000012c1100000] [id=13276]

[error occurred during error reporting (printing all threads), id 0xc0000005, EXCEPTION_ACCESS_VIOLATION (0xc0000005) at pc=0x00007ff848453937]

VM state: not at safepoint (not fully initialized)

VM Mutex/Monitor currently owned by a thread:  ([mutex/lock_event])
[0x000001fa9b50bee0] Heap_lock - owner thread: 0x000001fa9b50e7d0

Heap address: 0x0000000703a00000, size: 4038 MB, Compressed Oops mode: Zero based, Oop shift amount: 3

CDS archive(s) mapped at: [0x0000000000000000-0x0000000000000000-0x0000000000000000), size 0, SharedBaseAddress: 0x0000000800000000, ArchiveRelocationMode: 1.
Narrow klass base: 0x0000000000000000, Narrow klass shift: 0, Narrow klass range: 0x0

GC Precious Log:
<Empty>

Heap:
 garbage-first heap   total 0K, used 0K [0x0000000703a00000, 0x0000000800000000)
  region size 2048K, 0 young (0K), 0 survivors (0K)
 Metaspace       used 0K, committed 0K, reserved 0K
  class space    used 0K, committed 0K, reserved 0K

Heap Regions: E=young(eden), S=young(survivor), O=old, HS=humongous(starts), HC=humongous(continues), CS=collection set, F=free, OA=open archive, CA=closed archive, TAMS=top-at-mark-start (previous, next)

Card table byte_map: [0x000001fab0d70000,0x000001fab1560000] _byte_map_base: 0x000001faad553000

Marking Bits (Prev, Next): (CMBitMap*) 0x000001fa9d6fd070, (CMBitMap*) 0x000001fa9d6fd0b0
 Prev Bits: [0x000001fab1d50000, 0x000001fab5c68000)
 Next Bits: [0x000001fab5c70000, 0x000001fab9b88000)

GC Heap History (0 events):
No events

Dll operation events (1 events):
Event: 0.016 Loaded shared library C:\Users\Caleb\.jdks\jbr-17.0.9\bin\java.dll

Deoptimization events (0 events):
No events

Classes unloaded (0 events):
No events

Classes redefined (0 events):
No events

Internal exceptions (0 events):
No events

VM Operations (0 events):
No events

Events (0 events):
No events


Dynamic libraries:
0x00007ff6a5740000 - 0x00007ff6a574a000 	C:\Users\Caleb\.jdks\jbr-17.0.9\bin\java.exe
0x00007ff8c6f90000 - 0x00007ff8c7188000 	C:\WINDOWS\SYSTEM32\ntdll.dll
0x00007ff8c5730000 - 0x00007ff8c57ed000 	C:\WINDOWS\System32\KERNEL32.DLL
0x00007ff8c48a0000 - 0x00007ff8c4b96000 	C:\WINDOWS\System32\KERNELBASE.dll
0x00007ff8c4d40000 - 0x00007ff8c4e40000 	C:\WINDOWS\System32\ucrtbase.dll
0x00007ff8b91f0000 - 0x00007ff8b9207000 	C:\Users\Caleb\.jdks\jbr-17.0.9\bin\jli.dll
0x00007ff8c63c0000 - 0x00007ff8c655e000 	C:\WINDOWS\System32\USER32.dll
0x00007ff8a0c80000 - 0x00007ff8a0f1a000 	C:\WINDOWS\WinSxS\amd64_microsoft.windows.common-controls_6595b64144ccf1df_6.0.19041.3636_none_60b6a03d71f818d5\COMCTL32.dll
0x00007ff8c6570000 - 0x00007ff8c660e000 	C:\WINDOWS\System32\msvcrt.dll
0x00007ff8c4e40000 - 0x00007ff8c4e62000 	C:\WINDOWS\System32\win32u.dll
0x00007ff8b9fc0000 - 0x00007ff8b9fdb000 	C:\Users\Caleb\.jdks\jbr-17.0.9\bin\VCRUNTIME140.dll
0x00007ff8c5800000 - 0x00007ff8c582b000 	C:\WINDOWS\System32\GDI32.dll
0x00007ff8c4ba0000 - 0x00007ff8c4cb7000 	C:\WINDOWS\System32\gdi32full.dll
0x00007ff8c4e70000 - 0x00007ff8c4f0d000 	C:\WINDOWS\System32\msvcp_win.dll
0x00007ff8c5b00000 - 0x00007ff8c5b32000 	C:\WINDOWS\System32\IMM32.DLL
0x00007ff8ba540000 - 0x00007ff8ba54c000 	C:\Users\Caleb\.jdks\jbr-17.0.9\bin\vcruntime140_1.dll
0x00007ff873e30000 - 0x00007ff873ebd000 	C:\Users\Caleb\.jdks\jbr-17.0.9\bin\msvcp140.dll
0x00007ff848160000 - 0x00007ff848de3000 	C:\Users\Caleb\.jdks\jbr-17.0.9\bin\server\jvm.dll
0x00007ff8c5830000 - 0x00007ff8c58e0000 	C:\WINDOWS\System32\ADVAPI32.dll
0x00007ff8c6840000 - 0x00007ff8c68e0000 	C:\WINDOWS\System32\sechost.dll
0x00007ff8c5e20000 - 0x00007ff8c5f45000 	C:\WINDOWS\System32\RPCRT4.dll
0x00007ff8c4cc0000 - 0x00007ff8c4ce7000 	C:\WINDOWS\System32\bcrypt.dll
0x00007ff8c3be0000 - 0x00007ff8c3c2b000 	C:\WINDOWS\SYSTEM32\POWRPROF.dll
0x00007ff8b9360000 - 0x00007ff8b9387000 	C:\WINDOWS\SYSTEM32\WINMM.dll
0x00007ff89a3b0000 - 0x00007ff89a3b9000 	C:\WINDOWS\SYSTEM32\WSOCK32.dll
0x00007ff8c5cc0000 - 0x00007ff8c5d2b000 	C:\WINDOWS\System32\WS2_32.dll
0x00007ff8bb050000 - 0x00007ff8bb05a000 	C:\WINDOWS\SYSTEM32\VERSION.dll
0x00007ff8c3a50000 - 0x00007ff8c3a62000 	C:\WINDOWS\SYSTEM32\UMPDC.dll
0x00007ff8c2e50000 - 0x00007ff8c2e62000 	C:\WINDOWS\SYSTEM32\kernel.appcore.dll
0x00007ff8ba510000 - 0x00007ff8ba51a000 	C:\Users\Caleb\.jdks\jbr-17.0.9\bin\jimage.dll
0x00007ff8c2ad0000 - 0x00007ff8c2cb4000 	C:\WINDOWS\SYSTEM32\DBGHELP.DLL
0x00007ff896c70000 - 0x00007ff896ca4000 	C:\WINDOWS\SYSTEM32\dbgcore.DLL
0x00007ff8c4810000 - 0x00007ff8c4892000 	C:\WINDOWS\System32\bcryptPrimitives.dll
0x00007ff89f3b0000 - 0x00007ff89f3d5000 	C:\Users\Caleb\.jdks\jbr-17.0.9\bin\java.dll

dbghelp: loaded successfully - version: 4.0.5 - missing functions: none
symbol engine: initialized successfully - sym options: 0x614 - pdb path: .;C:\Users\Caleb\.jdks\jbr-17.0.9\bin;C:\WINDOWS\SYSTEM32;C:\WINDOWS\WinSxS\amd64_microsoft.windows.common-controls_6595b64144ccf1df_6.0.19041.3636_none_60b6a03d71f818d5;C:\Users\Caleb\.jdks\jbr-17.0.9\bin\server

VM Arguments:
jvm_args: --add-exports=javafx.base/com.sun.javafx.event=org.controlsfx.controls --add-exports=javafx.base/com.sun.javafx.event=org.controlsfx.controls -Dfile.encoding=windows-1252 -Duser.country=US -Duser.language=en -Duser.variant --module-path=C:\Users\Caleb\IdeaProjects\ScoutingServer\build\libs\ScoutingServer-1.0-SNAPSHOT.jar;C:\Users\Caleb\IdeaProjects\ScoutingServer\build\classes\java\main;C:\Users\Caleb\.gradle\caches\modules-2\files-2.1\org.openjfx\javafx-fxml\17.0.6\5724aedc415683e62eeab3a3875550aa814c84fd\javafx-fxml-17.0.6-win.jar;C:\Users\Caleb\.gradle\caches\modules-2\files-2.1\org.openjfx\javafx-web\16\7a77639dd9dc493361acaca2810128292f96b3d2\javafx-web-16.jar;C:\Users\Caleb\.gradle\caches\modules-2\files-2.1\org.openjfx\javafx-controls\17.0.6\c95b460be3bc372060ff32d0c666c1233c3e8400\javafx-controls-17.0.6-win.jar;C:\Users\Caleb\.gradle\caches\modules-2\files-2.1\org.openjfx\javafx-controls\17.0.6\8a9b91d717ec8bcdb179b91ae8a4f1137756fe3a\javafx-controls-17.0.6.jar;C:\Users\Caleb\.gradle\caches\modules-2\files-2.1\org.openjfx\javafx-media\16\2c564c4d3859447d7ef4c7490e2a48afe7a5db7a\javafx-media-16.jar;C:\Users\Caleb\.gradle\caches\modules-2\files-2.1\org.openjfx\javafx-graphics\17.0.6\14326bf575b927d3c31a775f74bcf754ced35353\javafx-graphics-17.0.6-win.jar;C:\Users\Caleb\.gradle\caches\modules-2\files-2.1\org.openjfx\javafx-graphics\17.0.6\a71a20fc765c578c17e6bd6525c029b03286ff5e\javafx-graphics-17.0.6.jar;C:\Users\Caleb\.gradle\caches\modules-2\files-2.1\org.openjfx\javafx-base\17.0.6\78ccb38688b70acc6b59718daca8bdb91f99db57\javafx-base-17.0.6-win.jar;C:\Users\Caleb\.gradle\caches\modules-2\files-2.1\org.openjfx\javafx-base\17.0.6\808b77ecf79be87b304a78fa9fffad805bfdb9f5\javafx-base-17.0.6.jar;C:\Users\Caleb\.gradle\caches\modules-2\files-2.1\org.json\json\20231013\e22e0c040fe16f04ffdb85d851d77b07fc05ea52\json-20231013.jar;C:\Users\Caleb\.gradle\caches\modules-2\files-2.1\com.google.zxing\javase\3.5.2\b9b1eecd1032e57d086ae80019861f77e8b54752\javase-3.5.2.jar;C:\Users\Caleb\.gradle\caches\modules-2\files-2.1\com.google.zxing\core\3.5.2\baab0f4a47b2052c9393af6af7c47a9dd8d89297\core-3.5.2.jar;C:\Users\Caleb\.gradle\caches\modules-2\files-2.1\org.xerial\sqlite-jdbc\3.45.1.0\7cd66c279-Djdk.module.main=org.tahomarobotics.scouting.scoutingserver 
java_command: org.tahomarobotics.scouting.scoutingserver/org.tahomarobotics.scouting.scoutingserver.ScoutingServer -Xmx2048m
java_class_path (initial): C:\Users\Caleb\.gradle\caches\modules-2\files-2.1\com.beust\jcommander\1.82\a7c5fef184d238065de38f81bbc6ee50cca2e21\jcommander-1.82.jar;C:\Users\Caleb\.gradle\caches\modules-2\files-2.1\com.github.jai-imageio\jai-imageio-core\1.4.0\fb6d79b929556362a241b2f65a04e538062f0077\jai-imageio-core-1.4.0.jar
Launcher Type: SUN_STANDARD

[Global flags]
     intx CICompilerCount                          = 4                                         {product} {ergonomic}
     uint ConcGCThreads                            = 2                                         {product} {ergonomic}
     uint G1ConcRefinementThreads                  = 8                                         {product} {ergonomic}
   size_t G1HeapRegionSize                         = 2097152                                   {product} {ergonomic}
    uintx GCDrainStackTargetSize                   = 64                                        {product} {ergonomic}
   size_t InitialHeapSize                          = 266338304                                 {product} {ergonomic}
   size_t MarkStackSize                            = 4194304                                   {product} {ergonomic}
   size_t MaxHeapSize                              = 4234149888                                {product} {ergonomic}
   size_t MinHeapDeltaBytes                        = 2097152                                   {product} {ergonomic}
   size_t MinHeapSize                              = 8388608                                   {product} {ergonomic}
    uintx NonNMethodCodeHeapSize                   = 5839372                                {pd product} {ergonomic}
    uintx NonProfiledCodeHeapSize                  = 122909434                              {pd product} {ergonomic}
    uintx ProfiledCodeHeapSize                     = 122909434                              {pd product} {ergonomic}
    uintx ReservedCodeCacheSize                    = 251658240                              {pd product} {ergonomic}
     bool SegmentedCodeCache                       = true                                      {product} {ergonomic}
   size_t SoftMaxHeapSize                          = 4234149888                             {manageable} {ergonomic}
     bool UseCompressedClassPointers               = true                           {product lp64_product} {ergonomic}
     bool UseCompressedOops                        = true                           {product lp64_product} {ergonomic}
     bool UseG1GC                                  = true                                      {product} {ergonomic}
     bool UseLargePagesIndividualAllocation        = false                                  {pd product} {ergonomic}

Logging:
Log output configuration:
 #0: stdout all=warning uptime,level,tags
 #1: stderr all=off uptime,level,tags

Environment Variables:
JAVA_HOME=C:\Program Files\Java\jdk-20
PATH=C:\WINDOWS\system32;C:\Program Files\Java\jdk-20\bin;C:\Program Files\nodejs;C:\Users\Caleb\AppData\Roaming\npm;C:\Program Files\Java\jdk-20\bin;C:\Users\Caleb\AppData\Local\Programs\Microsoft VS Code\bin
USERNAME=Caleb
OS=Windows_NT
PROCESSOR_IDENTIFIER=Intel64 Family 6 Model 140 Stepping 1, GenuineIntel
TMP=C:\Users\Caleb\AppData\Local\Temp
TEMP=C:\Users\Caleb\AppData\Local\Temp



Periodic native trim disabled

JNI global refs:
JNI global refs: 0, weak refs: 0

JNI global refs memory usage: 0, weak refs: 0

OOME stack traces (most recent first):
Classloader memory used:


---------------  S Y S T E M  ---------------

OS:
 Windows 10 , 64 bit Build 19041 (10.0.19041.3636)
OS uptime: 24 days 12:51 hours
Hyper-V role detected

CPU: total 8 (initial active 8) (4 cores per cpu, 2 threads per core) family 6 model 140 stepping 1 microcode 0xac, cx8, cmov, fxsr, ht, mmx, 3dnowpref, sse, sse2, sse3, ssse3, sse4.1, sse4.2, popcnt, lzcnt, tsc, tscinvbit, avx, avx2, aes, erms, clmul, bmi1, bmi2, adx, avx512f, avx512dq, avx512cd, avx512bw, avx512vl, sha, fma, vzeroupper, avx512_vpopcntdq, avx512_vpclmulqdq, avx512_vaes, avx512_vnni, clflush, clflushopt, clwb, avx512_vbmi2, avx512_vbmi, hv
Processor Information for all 8 processors :
  Max Mhz: 1690, Current Mhz: 1690, Mhz Limit: 1690

Memory: 4k page, system-wide physical 16151M (2124M free)
TotalPageFile size 22151M (AvailPageFile size 109M)
current process WorkingSet (physical memory assigned to process): 37M, peak: 37M
current process commit charge ("private bytes"): 86M, peak: 314M

vm_info: OpenJDK 64-Bit Server VM (17.0.9+7-b1087.7) for windows-amd64 JRE (17.0.9+7-b1087.7), built on 2023-11-17 by "builduser" with MS VC++ 16.10 / 16.11 (VS2019)

END.
